<?xml version="1.0" encoding="UTF-8"?>
<!-- Generated by org.testng.reporters.JUnitReportReporter -->
<testsuite hostname="ajayshi-w" name="SeleniumFramework.SeleniumFramework.webdriverSmokeTestDemo" tests="1" failures="0" timestamp="18 Apr 2017 12:24:02 GMT" time="5.807" errors="0">
  <testcase name="verifyLogin" time="5.807" classname="SeleniumFramework.SeleniumFramework.webdriverSmokeTestDemo"/>
</testsuite> <!-- SeleniumFramework.SeleniumFramework.webdriverSmokeTestDemo -->
